Arguments: 
  /Users/tom/.nvm/versions/node/v15.2.1/bin/node /usr/local/bin/yarn add combinatorics.js

PATH: 
  /Users/tom/.nvm/versions/node/v15.2.1/bin:/Users/tom/.nvm/versions/node/v14.15.1/bin:/Users/tom/.nvm/versions/node/v14.15.1/bin:/Users/tom/.nvm/versions/node/v12.18.3/bin:/usr/local/bin:/usr/bin:/bin:/usr/sbin:/sbin:/Users/tom/.nvm/versions/node/v12.18.3/bin

Yarn version: 
  1.22.4

Node version: 
  15.2.1

Platform: 
  darwin x64

Trace: 
  Error: https://registry.yarnpkg.com/combinatorics.js: Not found
      at Request.params.callback [as _callback] (/usr/local/lib/node_modules/yarn/lib/cli.js:66987:18)
      at Request.self.callback (/usr/local/lib/node_modules/yarn/lib/cli.js:140748:22)
      at Request.emit (node:events:329:20)
      at Request.<anonymous> (/usr/local/lib/node_modules/yarn/lib/cli.js:141720:10)
      at Request.emit (node:events:329:20)
      at IncomingMessage.<anonymous> (/usr/local/lib/node_modules/yarn/lib/cli.js:141642:12)
      at Object.onceWrapper (node:events:435:28)
      at IncomingMessage.emit (node:events:341:22)
      at endReadableNT (node:internal/streams/readable:1294:12)
      at processTicksAndRejections (node:internal/process/task_queues:80:21)

npm manifest: 
  {
    "dependencies": {
      "geneticalgorithm": "^1.0.2",
      "js-combinatorics": "^1.4.5",
      "nn": "^0.0.7"
    },
    "type": "module"
  }

yarn manifest: 
  No manifest

Lockfile: 
  # THIS IS AN AUTOGENERATED FILE. DO NOT EDIT THIS FILE DIRECTLY.
  # yarn lockfile v1
  
  
  commander@0.6.1:
    version "0.6.1"
    resolved "https://registry.yarnpkg.com/commander/-/commander-0.6.1.tgz#fa68a14f6a945d54dbbe50d8cdb3320e9e3b1a06"
    integrity sha1-+mihT2qUXVTbvlDYzbMyDp47GgY=
  
  debug@*:
    version "4.3.1"
    resolved "https://registry.yarnpkg.com/debug/-/debug-4.3.1.tgz#f0d229c505e0c6d8c49ac553d1b13dc183f6b2ee"
    integrity sha512-doEwdvm4PCeK4K3RQN2ZC2BYUBaxwLARCqZmMjtF8a51J2Rb0xpVloFRnCODwqjpwnAoao4pelN8l3RJdv3gRQ==
    dependencies:
      ms "2.1.2"
  
  diff@1.0.2:
    version "1.0.2"
    resolved "https://registry.yarnpkg.com/diff/-/diff-1.0.2.tgz#4ae73f1aee8d6fcf484f1a1ce77ce651d9b7f0c9"
    integrity sha1-Suc/Gu6Nb89ITxoc53zmUdm38Mk=
  
  geneticalgorithm@^1.0.2:
    version "1.0.2"
    resolved "https://registry.yarnpkg.com/geneticalgorithm/-/geneticalgorithm-1.0.2.tgz#d84a18d3843f9be822aa133c9d848051e9a7fa33"
    integrity sha512-p+CMQos1L4MCiW2zVqy3gxbpQiWxW1SCerDYoLelPaSU8TQs7QAaNEllEiHD708QgokU7IVprRcYhRRhYwJQFw==
  
  growl@1.7.x:
    version "1.7.0"
    resolved "https://registry.yarnpkg.com/growl/-/growl-1.7.0.tgz#de2d66136d002e112ba70f3f10c31cf7c350b2da"
    integrity sha1-3i1mE20ALhErpw8/EMMc98NQsto=
  
  jade@0.26.3:
    version "0.26.3"
    resolved "https://registry.yarnpkg.com/jade/-/jade-0.26.3.tgz#8f10d7977d8d79f2f6ff862a81b0513ccb25686c"
    integrity sha1-jxDXl32NefL2/4YqgbBRPMslaGw=
    dependencies:
      commander "0.6.1"
      mkdirp "0.3.0"
  
  js-combinatorics@^1.4.5:
    version "1.4.5"
    resolved "https://registry.yarnpkg.com/js-combinatorics/-/js-combinatorics-1.4.5.tgz#f9b5d57ba97d1dba420c133b4ddbfabc5a41353c"
    integrity sha512-lIBPgsZnIK5S8kCyTUY4L34Kq5YXj2LXyk9WJDPsK6iklV96+ZahxIsgHtXcwHhG9XZhqrS1EbnaEkUh5gyXdg==
  
  mkdirp@0.3.0:
    version "0.3.0"
    resolved "https://registry.yarnpkg.com/mkdirp/-/mkdirp-0.3.0.tgz#1bbf5ab1ba827af23575143490426455f481fe1e"
    integrity sha1-G79asbqCevI1dRQ0kEJkVfSB/h4=
  
  mkdirp@0.3.3:
    version "0.3.3"
    resolved "https://registry.yarnpkg.com/mkdirp/-/mkdirp-0.3.3.tgz#595e251c1370c3a68bab2136d0e348b8105adf13"
    integrity sha1-WV4lHBNww6aLqyE20ONIuBBa3xM=
  
  mocha@~1.8.2:
    version "1.8.2"
    resolved "https://registry.yarnpkg.com/mocha/-/mocha-1.8.2.tgz#fb6b1d07d98f2eba418546844c3be0731f75e390"
    integrity sha1-+2sdB9mPLrpBhUaETDvgcx9145A=
    dependencies:
      commander "0.6.1"
      debug "*"
      diff "1.0.2"
      growl "1.7.x"
      jade "0.26.3"
      mkdirp "0.3.3"
      ms "0.3.0"
  
  ms@0.3.0:
    version "0.3.0"
    resolved "https://registry.yarnpkg.com/ms/-/ms-0.3.0.tgz#03edc348d613e66a56486cfdac53bcbe899cbd61"
    integrity sha1-A+3DSNYT5mpWSGz9rFO8vomcvWE=
  
  ms@2.1.2:
    version "2.1.2"
    resolved "https://registry.yarnpkg.com/ms/-/ms-2.1.2.tgz#d09d1f357b443f493382a8eb3ccd183872ae6009"
    integrity sha512-sGkPx+VjMtmA6MX27oA4FBFELFCZZ4S4XqeGOXCv68tT+jb3vk/RyaKWP0PTKyWtmLSM0b+adUTEvbs1PEaH2w==
  
  nn@^0.0.7:
    version "0.0.7"
    resolved "https://registry.yarnpkg.com/nn/-/nn-0.0.7.tgz#62b416931a483f9c39023694de58cab15b8fdffb"
    integrity sha512-Elc6dy3FfdUWs6YPjwUpFLY9W+FVAqnuDDGQfoLTZuOl7TLK0Kgu6XfEUryKKkTC45fk1h8llYnOQ+BG55X+/w==
    dependencies:
      mocha "~1.8.2"
